<?xml version="1.0" encoding="UTF-8"?>
<!-- Generated by org.testng.reporters.JUnitReportReporter -->
<testsuite skipped="0" hostname="CGSCLXI54290887" name="qaClickAcademy.RESTAPITest" tests="2" failures="0" timestamp="09 Apr 2020 07:38:59 GMT" time="0.003" errors="0">
  <testcase name="postJira" time="0.001" classname="qaClickAcademy.RESTAPITest"/>
  <testcase name="deleteTwitter" time="0.002" classname="qaClickAcademy.RESTAPITest"/>
</testsuite> <!-- qaClickAcademy.RESTAPITest -->
