<?xml version="1.0" encoding="UTF-8"?>
<!-- Generated by org.testng.reporters.JUnitReportReporter -->
<testsuite skipped="0" hostname="CGSCLXI54290887" name="qaClickAcademy.SeleniumTest" tests="2" failures="0" timestamp="09 Apr 2020 07:38:59 GMT" time="0.000" errors="0">
  <testcase name="elementsUi" time="0.000" classname="qaClickAcademy.SeleniumTest"/>
  <testcase name="BrowserAUtomation" time="0.000" classname="qaClickAcademy.SeleniumTest"/>
</testsuite> <!-- qaClickAcademy.SeleniumTest -->
