<?xml version="1.0" encoding="UTF-8"?>
<!-- Generated by org.testng.reporters.JUnitReportReporter -->
<testsuite skipped="0" hostname="CGSCLXI54290887" name="qaClickAcademy.AppiumTest" tests="2" failures="0" timestamp="09 Apr 2020 07:38:59 GMT" time="0.012" errors="0">
  <testcase name="IOSApps" time="0.009" classname="qaClickAcademy.AppiumTest"/>
  <testcase name="NativeAPpAndroid" time="0.003" classname="qaClickAcademy.AppiumTest"/>
</testsuite> <!-- qaClickAcademy.AppiumTest -->
